<?xml version="1.0" encoding="UTF-8"?>
<robot generator="Robot 5.0 (Python 3.10.4 on win32)" generated="20220509 16:24:29.706" rpa="false" schemaversion="3">
<suite id="s1" name="Verify Valid Credential Suite" source="C:\Users\ACER\Desktop\LT6\OrangeHRMAutomation\LoginSuite\verify_valid_credential_suite.robot">
<test id="s1-t1" name="valid Credential Test" line="10">
<kw name="Launch Browser" library="commonfunctionality" type="SETUP">
<kw name="Append To Environment Variable" library="OperatingSystem">
<arg>path</arg>
<arg>${EXECDIR}${/}driver</arg>
<doc>Appends given ``values`` to environment variable ``name``.</doc>
<msg timestamp="20220509 16:24:29.890" level="INFO">Environment variable 'path' set to value 'C:\Program Files\Common Files\Oracle\Java\javapath;C:\Windows\system32;C:\Windows;C:\Windows\System32\Wbem;C:\Windows\System32\WindowsPowerShell\v1.0\;C:\Windows\System32\OpenSSH\;C:\Program Files\NVIDIA Corporation\NVIDIA NvDLISR;C:\Program Files\nodejs\;C:\Program Files\Java\jdk-17\bin;C:\WINDOWS\system32;C:\WINDOWS;C:\WINDOWS\System32\Wbem;C:\WINDOWS\System32\WindowsPowerShell\v1.0\;C:\WINDOWS\System32\OpenSSH\;C:\MinGW\mingw32\bin;C:\Users\ACER\AppData\Local\Programs\Microsoft VS Code\MinGW\bin;C:\Program Files\Git\cmd;C:\Users\ACER\AppData\Local\Programs\Microsoft VS Code\mingw64\bin;C:\MinGW\bin;C:\Users\ACER\AppData\Local\Programs\Microsoft VS Code\mingw64\x86_64-w64-mingw32\bin;C:\msys64\mingw64\x86_64-w64-mingw32\bin;C:\MinGW\mingw32\bin;C:\Program Files\MySQL\MySQL Server 8.0\bin;C:\Program Files (x86)\GnuWin32\bin;D:\New folder\GnuWin32\bin;C:\Program Files\Python310\Scripts;C:\python\Scripts\;C:\python\;C:\Program Files\MySQL\MySQL Shell 8.0\bin\;C:\Program Files\Java\jdk-17\bin;C:\Users\ACER\AppData\Local\Programs\Microsoft VS Code\bin;C:\Users\ACER\AppData\Local\Microsoft\WindowsApps;C:\Users\kavit\AppData\Local\Programs\Python\Python310\Scripts;C:\Program Files\Cppcheck;;C:\Program Files\JetBrains\PyCharm Community Edition 2022.1\bin;;C:\Users\ACER\Desktop\LT6\OrangeHRMAutomation\driver'.</msg>
<status status="PASS" starttime="20220509 16:24:29.890" endtime="20220509 16:24:29.890"/>
</kw>
<kw name="Open Browser" library="SeleniumLibrary">
<arg>browser=chrome</arg>
<doc>Opens a new browser instance to the optional ``url``.</doc>
<msg timestamp="20220509 16:24:29.891" level="INFO">Opening browser 'chrome' to base url 'None'.</msg>
<status status="PASS" starttime="20220509 16:24:29.890" endtime="20220509 16:24:31.012"/>
</kw>
<kw name="Maximize Browser Window" library="SeleniumLibrary">
<doc>Maximizes current browser window.</doc>
<status status="PASS" starttime="20220509 16:24:31.012" endtime="20220509 16:24:31.140"/>
</kw>
<kw name="Set Selenium Implicit Wait" library="SeleniumLibrary">
<arg>30s</arg>
<doc>Sets the implicit wait value used by Selenium.</doc>
<status status="PASS" starttime="20220509 16:24:31.140" endtime="20220509 16:24:31.142"/>
</kw>
<kw name="Set Screenshot Directory" library="SeleniumLibrary">
<arg>${EXECDIR}${/}screenshot</arg>
<doc>Sets the directory for captured screenshots.</doc>
<status status="PASS" starttime="20220509 16:24:31.143" endtime="20220509 16:24:31.144"/>
</kw>
<kw name="Go To" library="SeleniumLibrary">
<arg>${URL}</arg>
<doc>Navigates the current browser window to the provided ``url``.</doc>
<msg timestamp="20220509 16:24:31.144" level="INFO">Opening url 'https://opensource-demo.orangehrmlive.com/'</msg>
<status status="PASS" starttime="20220509 16:24:31.144" endtime="20220509 16:24:50.474"/>
</kw>
<status status="PASS" starttime="20220509 16:24:29.890" endtime="20220509 16:24:50.474"/>
</kw>
<kw name="Input Text" library="SeleniumLibrary">
<arg>id=txtUsername</arg>
<arg>Admin</arg>
<doc>Types the given ``text`` into the text field identified by ``locator``.</doc>
<msg timestamp="20220509 16:24:50.476" level="INFO">Typing text 'Admin' into text field 'id=txtUsername'.</msg>
<status status="PASS" starttime="20220509 16:24:50.475" endtime="20220509 16:24:50.573"/>
</kw>
<kw name="Input Password" library="SeleniumLibrary">
<arg>id=txtPassword</arg>
<arg>admin123</arg>
<doc>Types the given password into the text field identified by ``locator``.</doc>
<msg timestamp="20220509 16:24:50.574" level="INFO">Typing password into text field 'id=txtPassword'.</msg>
<msg timestamp="20220509 16:24:50.608" level="INFO">Temporally setting log level to: NONE</msg>
<msg timestamp="20220509 16:24:50.657" level="INFO">Log level changed from NONE to INFO.</msg>
<status status="PASS" starttime="20220509 16:24:50.573" endtime="20220509 16:24:50.657"/>
</kw>
<kw name="Click Element" library="SeleniumLibrary">
<arg>id=btnLogin</arg>
<doc>Click the element identified by ``locator``.</doc>
<msg timestamp="20220509 16:24:50.658" level="INFO">Clicking element 'id=btnLogin'.</msg>
<status status="PASS" starttime="20220509 16:24:50.658" endtime="20220509 16:25:09.387"/>
</kw>
<kw name="Page Should Contain" library="SeleniumLibrary">
<arg>My Info</arg>
<doc>Verifies that current page contains ``text``.</doc>
<msg timestamp="20220509 16:25:09.404" level="INFO">Current page contains text 'My Info'.</msg>
<status status="PASS" starttime="20220509 16:25:09.387" endtime="20220509 16:25:09.404"/>
</kw>
<kw name="Close Browser" library="SeleniumLibrary" type="TEARDOWN">
<doc>Closes the current browser.</doc>
<status status="PASS" starttime="20220509 16:25:09.405" endtime="20220509 16:25:11.492"/>
</kw>
<status status="PASS" starttime="20220509 16:24:29.889" endtime="20220509 16:25:11.493"/>
</test>
<doc>This suite will handle valid credentail
test - TC_OH_2</doc>
<status status="PASS" starttime="20220509 16:24:29.707" endtime="20220509 16:25:11.494"/>
</suite>
<statistics>
<total>
<stat pass="1" fail="0" skip="0">All Tests</stat>
</total>
<tag>
</tag>
<suite>
<stat pass="1" fail="0" skip="0" id="s1" name="Verify Valid Credential Suite">Verify Valid Credential Suite</stat>
</suite>
</statistics>
<errors>
</errors>
</robot>
